This file contains any messages produced by compilers while
running configure, to aid debugging if configure makes a mistake.

It was created by readosm configure 1.0.0e, which was
generated by GNU Autoconf 2.69.  Invocation command line was

  $ ./configure 

## --------- ##
## Platform. ##
## --------- ##

hostname = MU00104763X
uname -m = x86_64
uname -r = 17.4.0
uname -s = Darwin
uname -v = Darwin Kernel Version 17.4.0: Sun Dec 17 09:19:54 PST 2017; root:xnu-4570.41.2~1/RELEASE_X86_64

/usr/bin/uname -p = i386
/bin/uname -X     = unknown

/bin/arch              = unknown
/usr/bin/arch -k       = unknown
/usr/convex/getsysinfo = unknown
/usr/bin/hostinfo      = Mach kernel version:
	 Darwin Kernel Version 17.4.0: Sun Dec 17 09:19:54 PST 2017; root:xnu-4570.41.2~1/RELEASE_X86_64
Kernel configured for up to 4 processors.
2 processors are physically available.
4 processors are logically available.
Processor type: x86_64h (Intel x86-64h Haswell)
Processors active: 0 1 2 3
Primary memory available: 8.00 gigabytes
Default processor set: 415 tasks, 2183 threads, 4 processors
Load average: 1.18, Mach factor: 2.80
/bin/machine           = unknown
/usr/bin/oslevel       = unknown
/bin/universe          = unknown

PATH: /usr/local/opt/qt/bin
PATH: /Library/Frameworks/Python.framework/Versions/3.5/bin
PATH: /usr/local/bin
PATH: /usr/bin
PATH: /bin
PATH: /usr/sbin
PATH: /sbin
PATH: /Library/TeX/texbin
PATH: /opt/X11/bin


## ----------- ##
## Core tests. ##
## ----------- ##

configure:2456: checking for a BSD-compatible install
configure:2524: result: /usr/bin/install -c
configure:2535: checking whether build environment is sane
configure:2590: result: yes
configure:2628: WARNING: 'missing' script is too old or missing
configure:2741: checking for a thread-safe mkdir -p
configure:2780: result: ./install-sh -c -d
configure:2787: checking for gawk
configure:2817: result: no
configure:2787: checking for mawk
configure:2817: result: no
configure:2787: checking for nawk
configure:2817: result: no
configure:2787: checking for awk
configure:2803: found /usr/bin/awk
configure:2814: result: awk
configure:2825: checking whether make sets $(MAKE)
configure:2847: result: yes
configure:2876: checking whether make supports nested variables
configure:2893: result: yes
configure:3020: checking whether to enable maintainer-specific portions of Makefiles
configure:3029: result: no
configure:3059: checking for style of include used by make
configure:3087: result: GNU
configure:3158: checking for gcc
configure:3174: found /usr/bin/gcc
configure:3185: result: gcc
configure:3414: checking for C compiler version
configure:3423: gcc --version >&5
Apple LLVM version 9.1.0 (clang-902.0.39.2)
Target: x86_64-apple-darwin17.4.0
Thread model: posix
InstalledDir: /Applications/Xcode.app/Contents/Developer/Toolchains/XcodeDefault.xctoolchain/usr/bin
Configured with: --prefix=/Applications/Xcode.app/Contents/Developer/usr --with-gxx-include-dir=/usr/include/c++/4.2.1
configure:3434: $? = 0
configure:3423: gcc -v >&5
Configured with: --prefix=/Applications/Xcode.app/Contents/Developer/usr --with-gxx-include-dir=/usr/include/c++/4.2.1
Apple LLVM version 9.1.0 (clang-902.0.39.2)
Target: x86_64-apple-darwin17.4.0
Thread model: posix
InstalledDir: /Applications/Xcode.app/Contents/Developer/Toolchains/XcodeDefault.xctoolchain/usr/bin
configure:3434: $? = 0
configure:3423: gcc -V >&5
clang: error: argument to '-V' is missing (expected 1 value)
clang: error: no input files
configure:3434: $? = 1
configure:3423: gcc -qversion >&5
clang: error: unknown argument: '-qversion'
clang: error: no input files
configure:3434: $? = 1
configure:3454: checking whether the C compiler works
configure:3476: gcc    conftest.c  >&5
configure:3480: $? = 0
configure:3528: result: yes
configure:3531: checking for C compiler default output file name
configure:3533: result: a.out
configure:3539: checking for suffix of executables
configure:3546: gcc -o conftest    conftest.c  >&5
configure:3550: $? = 0
configure:3572: result: 
configure:3594: checking whether we are cross compiling
configure:3602: gcc -o conftest    conftest.c  >&5
configure:3606: $? = 0
configure:3613: ./conftest
configure:3617: $? = 0
configure:3632: result: no
configure:3637: checking for suffix of object files
configure:3659: gcc -c   conftest.c >&5
configure:3663: $? = 0
configure:3684: result: o
configure:3688: checking whether we are using the GNU C compiler
configure:3707: gcc -c   conftest.c >&5
configure:3707: $? = 0
configure:3716: result: yes
configure:3725: checking whether gcc accepts -g
configure:3745: gcc -c -g  conftest.c >&5
configure:3745: $? = 0
configure:3786: result: yes
configure:3803: checking for gcc option to accept ISO C89
configure:3866: gcc  -c -g -O2  conftest.c >&5
configure:3866: $? = 0
configure:3879: result: none needed
configure:3904: checking whether gcc understands -c and -o together
configure:3926: gcc -c conftest.c -o conftest2.o
configure:3929: $? = 0
configure:3926: gcc -c conftest.c -o conftest2.o
configure:3929: $? = 0
configure:3941: result: yes
configure:3960: checking dependency style of gcc
configure:4071: result: gcc3
configure:4092: checking how to run the C preprocessor
configure:4123: gcc -E  conftest.c
configure:4123: $? = 0
configure:4137: gcc -E  conftest.c
conftest.c:11:10: fatal error: 'ac_nonexistent.h' file not found
#include <ac_nonexistent.h>
         ^~~~~~~~~~~~~~~~~~
1 error generated.
configure:4137: $? = 1
configure: failed program was:
| /* confdefs.h */
| #define PACKAGE_NAME "readosm"
| #define PACKAGE_TARNAME "readosm"
| #define PACKAGE_VERSION "1.0.0e"
| #define PACKAGE_STRING "readosm 1.0.0e"
| #define PACKAGE_BUGREPORT "a.furieri@lqt.it"
| #define PACKAGE_URL ""
| #define PACKAGE "readosm"
| #define VERSION "1.0.0e"
| /* end confdefs.h.  */
| #include <ac_nonexistent.h>
configure:4162: result: gcc -E
configure:4182: gcc -E  conftest.c
configure:4182: $? = 0
configure:4196: gcc -E  conftest.c
conftest.c:11:10: fatal error: 'ac_nonexistent.h' file not found
#include <ac_nonexistent.h>
         ^~~~~~~~~~~~~~~~~~
1 error generated.
configure:4196: $? = 1
configure: failed program was:
| /* confdefs.h */
| #define PACKAGE_NAME "readosm"
| #define PACKAGE_TARNAME "readosm"
| #define PACKAGE_VERSION "1.0.0e"
| #define PACKAGE_STRING "readosm 1.0.0e"
| #define PACKAGE_BUGREPORT "a.furieri@lqt.it"
| #define PACKAGE_URL ""
| #define PACKAGE "readosm"
| #define VERSION "1.0.0e"
| /* end confdefs.h.  */
| #include <ac_nonexistent.h>
configure:4225: checking for grep that handles long lines and -e
configure:4283: result: /usr/bin/grep
configure:4288: checking for egrep
configure:4350: result: /usr/bin/grep -E
configure:4355: checking for ANSI C header files
configure:4375: gcc -c -g -O2  conftest.c >&5
configure:4375: $? = 0
configure:4448: gcc -o conftest -g -O2   conftest.c  >&5
configure:4448: $? = 0
configure:4448: ./conftest
configure:4448: $? = 0
configure:4459: result: yes
configure:4472: checking for sys/types.h
configure:4472: gcc -c -g -O2  conftest.c >&5
configure:4472: $? = 0
configure:4472: result: yes
configure:4472: checking for sys/stat.h
configure:4472: gcc -c -g -O2  conftest.c >&5
configure:4472: $? = 0
configure:4472: result: yes
configure:4472: checking for stdlib.h
configure:4472: gcc -c -g -O2  conftest.c >&5
configure:4472: $? = 0
configure:4472: result: yes
configure:4472: checking for string.h
configure:4472: gcc -c -g -O2  conftest.c >&5
configure:4472: $? = 0
configure:4472: result: yes
configure:4472: checking for memory.h
configure:4472: gcc -c -g -O2  conftest.c >&5
configure:4472: $? = 0
configure:4472: result: yes
configure:4472: checking for strings.h
configure:4472: gcc -c -g -O2  conftest.c >&5
configure:4472: $? = 0
configure:4472: result: yes
configure:4472: checking for inttypes.h
configure:4472: gcc -c -g -O2  conftest.c >&5
configure:4472: $? = 0
configure:4472: result: yes
configure:4472: checking for stdint.h
configure:4472: gcc -c -g -O2  conftest.c >&5
configure:4472: $? = 0
configure:4472: result: yes
configure:4472: checking for unistd.h
configure:4472: gcc -c -g -O2  conftest.c >&5
configure:4472: $? = 0
configure:4472: result: yes
configure:4486: checking for stdlib.h
configure:4486: result: yes
configure:4500: checking stdio.h usability
configure:4500: gcc -c -g -O2  conftest.c >&5
configure:4500: $? = 0
configure:4500: result: yes
configure:4500: checking stdio.h presence
configure:4500: gcc -E  conftest.c
configure:4500: $? = 0
configure:4500: result: yes
configure:4500: checking for stdio.h
configure:4500: result: yes
configure:4514: checking for memory.h
configure:4514: result: yes
configure:4587: checking for g++
configure:4603: found /usr/bin/g++
configure:4614: result: g++
configure:4641: checking for C++ compiler version
configure:4650: g++ --version >&5
Apple LLVM version 9.1.0 (clang-902.0.39.2)
Target: x86_64-apple-darwin17.4.0
Thread model: posix
InstalledDir: /Applications/Xcode.app/Contents/Developer/Toolchains/XcodeDefault.xctoolchain/usr/bin
Configured with: --prefix=/Applications/Xcode.app/Contents/Developer/usr --with-gxx-include-dir=/usr/include/c++/4.2.1
configure:4661: $? = 0
configure:4650: g++ -v >&5
Configured with: --prefix=/Applications/Xcode.app/Contents/Developer/usr --with-gxx-include-dir=/usr/include/c++/4.2.1
Apple LLVM version 9.1.0 (clang-902.0.39.2)
Target: x86_64-apple-darwin17.4.0
Thread model: posix
InstalledDir: /Applications/Xcode.app/Contents/Developer/Toolchains/XcodeDefault.xctoolchain/usr/bin
configure:4661: $? = 0
configure:4650: g++ -V >&5
clang: error: argument to '-V' is missing (expected 1 value)
clang: error: no input files
configure:4661: $? = 1
configure:4650: g++ -qversion >&5
clang: error: unknown argument: '-qversion'
clang: error: no input files
configure:4661: $? = 1
configure:4665: checking whether we are using the GNU C++ compiler
configure:4684: g++ -c   conftest.cpp >&5
configure:4684: $? = 0
configure:4693: result: yes
configure:4702: checking whether g++ accepts -g
configure:4722: g++ -c -g  conftest.cpp >&5
configure:4722: $? = 0
configure:4763: result: yes
configure:4788: checking dependency style of g++
configure:4899: result: gcc3
configure:4962: checking for gcc
configure:4989: result: gcc
configure:5218: checking for C compiler version
configure:5227: gcc --version >&5
Apple LLVM version 9.1.0 (clang-902.0.39.2)
Target: x86_64-apple-darwin17.4.0
Thread model: posix
InstalledDir: /Applications/Xcode.app/Contents/Developer/Toolchains/XcodeDefault.xctoolchain/usr/bin
Configured with: --prefix=/Applications/Xcode.app/Contents/Developer/usr --with-gxx-include-dir=/usr/include/c++/4.2.1
configure:5238: $? = 0
configure:5227: gcc -v >&5
Configured with: --prefix=/Applications/Xcode.app/Contents/Developer/usr --with-gxx-include-dir=/usr/include/c++/4.2.1
Apple LLVM version 9.1.0 (clang-902.0.39.2)
Target: x86_64-apple-darwin17.4.0
Thread model: posix
InstalledDir: /Applications/Xcode.app/Contents/Developer/Toolchains/XcodeDefault.xctoolchain/usr/bin
configure:5238: $? = 0
configure:5227: gcc -V >&5
clang: error: argument to '-V' is missing (expected 1 value)
clang: error: no input files
configure:5238: $? = 1
configure:5227: gcc -qversion >&5
clang: error: unknown argument: '-qversion'
clang: error: no input files
configure:5238: $? = 1
configure:5242: checking whether we are using the GNU C compiler
configure:5270: result: yes
configure:5279: checking whether gcc accepts -g
configure:5340: result: yes
configure:5357: checking for gcc option to accept ISO C89
configure:5433: result: none needed
configure:5458: checking whether gcc understands -c and -o together
configure:5495: result: yes
configure:5514: checking dependency style of gcc
configure:5625: result: gcc3
configure:5645: checking how to run the C preprocessor
configure:5715: result: gcc -E
configure:5735: gcc -E  conftest.c
configure:5735: $? = 0
configure:5749: gcc -E  conftest.c
conftest.c:24:10: fatal error: 'ac_nonexistent.h' file not found
#include <ac_nonexistent.h>
         ^~~~~~~~~~~~~~~~~~
1 error generated.
configure:5749: $? = 1
configure: failed program was:
| /* confdefs.h */
| #define PACKAGE_NAME "readosm"
| #define PACKAGE_TARNAME "readosm"
| #define PACKAGE_VERSION "1.0.0e"
| #define PACKAGE_STRING "readosm 1.0.0e"
| #define PACKAGE_BUGREPORT "a.furieri@lqt.it"
| #define PACKAGE_URL ""
| #define PACKAGE "readosm"
| #define VERSION "1.0.0e"
| #define STDC_HEADERS 1
| #define HAVE_SYS_TYPES_H 1
| #define HAVE_SYS_STAT_H 1
| #define HAVE_STDLIB_H 1
| #define HAVE_STRING_H 1
| #define HAVE_MEMORY_H 1
| #define HAVE_STRINGS_H 1
| #define HAVE_INTTYPES_H 1
| #define HAVE_STDINT_H 1
| #define HAVE_UNISTD_H 1
| #define HAVE_STDLIB_H 1
| #define HAVE_STDIO_H 1
| #define HAVE_MEMORY_H 1
| /* end confdefs.h.  */
| #include <ac_nonexistent.h>
configure:5778: checking whether ln -s works
configure:5782: result: yes
configure:5789: checking whether make sets $(MAKE)
configure:5811: result: yes
configure:5824: checking build system type
configure:5838: result: x86_64-apple-darwin17.4.0
configure:5858: checking host system type
configure:5871: result: x86_64-apple-darwin17.4.0
configure:6240: checking how to print strings
configure:6267: result: printf
configure:6288: checking for a sed that does not truncate output
configure:6352: result: /usr/bin/sed
configure:6370: checking for fgrep
configure:6432: result: /usr/bin/grep -F
configure:6467: checking for ld used by gcc
configure:6534: result: /Applications/Xcode.app/Contents/Developer/Toolchains/XcodeDefault.xctoolchain/usr/bin/ld
configure:6541: checking if the linker (/Applications/Xcode.app/Contents/Developer/Toolchains/XcodeDefault.xctoolchain/usr/bin/ld) is GNU ld
configure:6556: result: no
configure:6568: checking for BSD- or MS-compatible name lister (nm)
configure:6617: result: /usr/bin/nm -B
configure:6747: checking the name lister (/usr/bin/nm -B) interface
configure:6754: gcc -c -g -O2  conftest.c >&5
configure:6757: /usr/bin/nm -B "conftest.o"
configure:6760: output
00000000000001d4 S _some_variable
configure:6767: result: BSD nm
configure:6771: checking the maximum length of command line arguments
configure:6896: result: 196608
configure:6913: checking whether the shell understands some XSI constructs
configure:6923: result: yes
configure:6927: checking whether the shell understands "+="
configure:6933: result: yes
configure:6968: checking how to convert x86_64-apple-darwin17.4.0 file names to x86_64-apple-darwin17.4.0 format
configure:7008: result: func_convert_file_noop
configure:7015: checking how to convert x86_64-apple-darwin17.4.0 file names to toolchain format
configure:7035: result: func_convert_file_noop
configure:7042: checking for /Applications/Xcode.app/Contents/Developer/Toolchains/XcodeDefault.xctoolchain/usr/bin/ld option to reload object files
configure:7049: result: -r
configure:7123: checking for objdump
configure:7150: result: objdump
configure:7179: checking how to recognize dependent libraries
configure:7381: result: pass_all
configure:7466: checking for dlltool
configure:7493: result: dlltool
configure:7523: checking how to associate runtime and link libraries
configure:7550: result: printf %s\n
configure:7610: checking for ar
configure:7626: found /usr/bin/ar
configure:7637: result: ar
configure:7674: checking for archiver @FILE support
configure:7691: gcc -c -g -O2  conftest.c >&5
configure:7691: $? = 0
configure:7694: ar cru libconftest.a @conftest.lst >&5
ar: @conftest.lst: No such file or directory
configure:7697: $? = 1
configure:7717: result: no
configure:7775: checking for strip
configure:7791: found /usr/bin/strip
configure:7802: result: strip
configure:7874: checking for ranlib
configure:7890: found /usr/bin/ranlib
configure:7901: result: ranlib
configure:8003: checking command to parse /usr/bin/nm -B output from gcc object
configure:8122: gcc -c -g -O2  conftest.c >&5
configure:8125: $? = 0
configure:8129: /usr/bin/nm -B conftest.o \| sed -n -e 's/^.*[ ]\([BCDEGRST][BCDEGRST]*\)[ ][ ]*\([_A-Za-z][_A-Za-z0-9]*\)$/\1 \2 \2/p' | sed '/ __gnu_lto/d' \> conftest.nm
configure:8132: $? = 0
cannot find nm_test_var in conftest.nm
configure:8122: gcc -c -g -O2  conftest.c >&5
configure:8125: $? = 0
configure:8129: /usr/bin/nm -B conftest.o \| sed -n -e 's/^.*[ ]\([BCDEGRST][BCDEGRST]*\)[ ][ ]*_\([_A-Za-z][_A-Za-z0-9]*\)$/\1 _\2 \2/p' | sed '/ __gnu_lto/d' \> conftest.nm
configure:8132: $? = 0
configure:8198: gcc -o conftest -g -O2   conftest.c conftstm.o >&5
warning: (x86_64)  could not find object file symbol for symbol _main
configure:8201: $? = 0
configure:8239: result: ok
configure:8276: checking for sysroot
configure:8306: result: no
configure:8549: checking for mt
configure:8579: result: no
configure:8599: checking if : is a manifest tool
configure:8605: : '-?'
configure:8613: result: no
configure:8669: checking for dsymutil
configure:8685: found /usr/bin/dsymutil
configure:8696: result: dsymutil
configure:8761: checking for nmedit
configure:8777: found /usr/bin/nmedit
configure:8788: result: nmedit
configure:8853: checking for lipo
configure:8869: found /usr/bin/lipo
configure:8880: result: lipo
configure:8945: checking for otool
configure:8961: found /usr/bin/otool
configure:8972: result: otool
configure:9037: checking for otool64
configure:9067: result: no
configure:9112: checking for -single_module linker flag
gcc -g -O2  -o libconftest.dylib -dynamiclib -Wl,-single_module conftest.c
configure:9139: result: yes
configure:9141: checking for -exported_symbols_list linker flag
configure:9161: gcc -o conftest -g -O2   -Wl,-exported_symbols_list,conftest.sym conftest.c  >&5
configure:9161: $? = 0
configure:9171: result: yes
configure:9173: checking for -force_load linker flag
gcc -g -O2 -c -o conftest.o conftest.c
ar cru libconftest.a conftest.o
ranlib libconftest.a
gcc -g -O2  -o conftest conftest.c -Wl,-force_load,./libconftest.a
warning: (x86_64)  could not find object file symbol for symbol _forced_loaded
configure:9203: result: no
configure:9242: checking for dlfcn.h
configure:9242: gcc -c -g -O2  conftest.c >&5
configure:9242: $? = 0
configure:9242: result: yes
configure:9438: checking for objdir
configure:9453: result: .libs
configure:9724: checking if gcc supports -fno-rtti -fno-exceptions
configure:9742: gcc -c -g -O2  -fno-rtti -fno-exceptions conftest.c >&5
configure:9746: $? = 0
configure:9759: result: yes
configure:10069: checking for gcc option to produce PIC
configure:10076: result: -fno-common -DPIC
configure:10084: checking if gcc PIC flag -fno-common -DPIC works
configure:10102: gcc -c -g -O2  -fno-common -DPIC -DPIC conftest.c >&5
configure:10106: $? = 0
configure:10119: result: yes
configure:10148: checking if gcc static flag -static works
configure:10176: result: no
configure:10191: checking if gcc supports -c -o file.o
configure:10212: gcc -c -g -O2  -o out/conftest2.o conftest.c >&5
configure:10216: $? = 0
configure:10238: result: yes
configure:10246: checking if gcc supports -c -o file.o
configure:10293: result: yes
configure:10326: checking whether the gcc linker (/Applications/Xcode.app/Contents/Developer/Toolchains/XcodeDefault.xctoolchain/usr/bin/ld) supports shared libraries
configure:11484: result: yes
configure:11729: checking dynamic linker characteristics
configure:12469: result: darwin17.4.0 dyld
configure:12576: checking how to hardcode library paths into programs
configure:12601: result: immediate
configure:13141: checking whether stripping libraries is possible
configure:13155: result: yes
configure:13181: checking if libtool supports shared libraries
configure:13183: result: yes
configure:13186: checking whether to build shared libraries
configure:13207: result: yes
configure:13210: checking whether to build static libraries
configure:13214: result: yes
configure:13237: checking how to run the C++ preprocessor
configure:13264: g++ -E  conftest.cpp
configure:13264: $? = 0
configure:13278: g++ -E  conftest.cpp
conftest.cpp:26:10: fatal error: 'ac_nonexistent.h' file not found
#include <ac_nonexistent.h>
         ^~~~~~~~~~~~~~~~~~
1 error generated.
configure:13278: $? = 1
configure: failed program was:
| /* confdefs.h */
| #define PACKAGE_NAME "readosm"
| #define PACKAGE_TARNAME "readosm"
| #define PACKAGE_VERSION "1.0.0e"
| #define PACKAGE_STRING "readosm 1.0.0e"
| #define PACKAGE_BUGREPORT "a.furieri@lqt.it"
| #define PACKAGE_URL ""
| #define PACKAGE "readosm"
| #define VERSION "1.0.0e"
| #define STDC_HEADERS 1
| #define HAVE_SYS_TYPES_H 1
| #define HAVE_SYS_STAT_H 1
| #define HAVE_STDLIB_H 1
| #define HAVE_STRING_H 1
| #define HAVE_MEMORY_H 1
| #define HAVE_STRINGS_H 1
| #define HAVE_INTTYPES_H 1
| #define HAVE_STDINT_H 1
| #define HAVE_UNISTD_H 1
| #define HAVE_STDLIB_H 1
| #define HAVE_STDIO_H 1
| #define HAVE_MEMORY_H 1
| #define HAVE_DLFCN_H 1
| #define LT_OBJDIR ".libs/"
| /* end confdefs.h.  */
| #include <ac_nonexistent.h>
configure:13303: result: g++ -E
configure:13323: g++ -E  conftest.cpp
configure:13323: $? = 0
configure:13337: g++ -E  conftest.cpp
conftest.cpp:26:10: fatal error: 'ac_nonexistent.h' file not found
#include <ac_nonexistent.h>
         ^~~~~~~~~~~~~~~~~~
1 error generated.
configure:13337: $? = 1
configure: failed program was:
| /* confdefs.h */
| #define PACKAGE_NAME "readosm"
| #define PACKAGE_TARNAME "readosm"
| #define PACKAGE_VERSION "1.0.0e"
| #define PACKAGE_STRING "readosm 1.0.0e"
| #define PACKAGE_BUGREPORT "a.furieri@lqt.it"
| #define PACKAGE_URL ""
| #define PACKAGE "readosm"
| #define VERSION "1.0.0e"
| #define STDC_HEADERS 1
| #define HAVE_SYS_TYPES_H 1
| #define HAVE_SYS_STAT_H 1
| #define HAVE_STDLIB_H 1
| #define HAVE_STRING_H 1
| #define HAVE_MEMORY_H 1
| #define HAVE_STRINGS_H 1
| #define HAVE_INTTYPES_H 1
| #define HAVE_STDINT_H 1
| #define HAVE_UNISTD_H 1
| #define HAVE_STDLIB_H 1
| #define HAVE_STDIO_H 1
| #define HAVE_MEMORY_H 1
| #define HAVE_DLFCN_H 1
| #define LT_OBJDIR ".libs/"
| /* end confdefs.h.  */
| #include <ac_nonexistent.h>
configure:13507: checking for ld used by g++
configure:13574: result: /Applications/Xcode.app/Contents/Developer/Toolchains/XcodeDefault.xctoolchain/usr/bin/ld
configure:13581: checking if the linker (/Applications/Xcode.app/Contents/Developer/Toolchains/XcodeDefault.xctoolchain/usr/bin/ld) is GNU ld
configure:13596: result: no
configure:13651: checking whether the g++ linker (/Applications/Xcode.app/Contents/Developer/Toolchains/XcodeDefault.xctoolchain/usr/bin/ld) supports shared libraries
configure:14655: result: yes
configure:14690: g++ -c -g -O2  conftest.cpp >&5
configure:14693: $? = 0
configure:15213: checking for g++ option to produce PIC
configure:15220: result: -fno-common -DPIC
configure:15228: checking if g++ PIC flag -fno-common -DPIC works
configure:15246: g++ -c -g -O2  -fno-common -DPIC -DPIC conftest.cpp >&5
configure:15250: $? = 0
configure:15263: result: yes
configure:15286: checking if g++ static flag -static works
configure:15314: result: no
configure:15326: checking if g++ supports -c -o file.o
configure:15347: g++ -c -g -O2  -o out/conftest2.o conftest.cpp >&5
configure:15351: $? = 0
configure:15373: result: yes
configure:15378: checking if g++ supports -c -o file.o
configure:15425: result: yes
configure:15455: checking whether the g++ linker (/Applications/Xcode.app/Contents/Developer/Toolchains/XcodeDefault.xctoolchain/usr/bin/ld) supports shared libraries
configure:15489: result: yes
configure:15632: checking dynamic linker characteristics
configure:16306: result: darwin17.4.0 dyld
configure:16359: checking how to hardcode library paths into programs
configure:16384: result: immediate
configure:16445: checking for an ANSI C-conforming const
configure:16511: gcc -c -g -O2  conftest.c >&5
configure:16511: $? = 0
configure:16518: result: yes
configure:16526: checking for off_t
configure:16526: gcc -c -g -O2  conftest.c >&5
configure:16526: $? = 0
configure:16526: gcc -c -g -O2  conftest.c >&5
conftest.c:62:20: error: expected expression
if (sizeof ((off_t)))
                   ^
1 error generated.
configure:16526: $? = 1
configure: failed program was:
| /* confdefs.h */
| #define PACKAGE_NAME "readosm"
| #define PACKAGE_TARNAME "readosm"
| #define PACKAGE_VERSION "1.0.0e"
| #define PACKAGE_STRING "readosm 1.0.0e"
| #define PACKAGE_BUGREPORT "a.furieri@lqt.it"
| #define PACKAGE_URL ""
| #define PACKAGE "readosm"
| #define VERSION "1.0.0e"
| #define STDC_HEADERS 1
| #define HAVE_SYS_TYPES_H 1
| #define HAVE_SYS_STAT_H 1
| #define HAVE_STDLIB_H 1
| #define HAVE_STRING_H 1
| #define HAVE_MEMORY_H 1
| #define HAVE_STRINGS_H 1
| #define HAVE_INTTYPES_H 1
| #define HAVE_STDINT_H 1
| #define HAVE_UNISTD_H 1
| #define HAVE_STDLIB_H 1
| #define HAVE_STDIO_H 1
| #define HAVE_MEMORY_H 1
| #define HAVE_DLFCN_H 1
| #define LT_OBJDIR ".libs/"
| /* end confdefs.h.  */
| #include <stdio.h>
| #ifdef HAVE_SYS_TYPES_H
| # include <sys/types.h>
| #endif
| #ifdef HAVE_SYS_STAT_H
| # include <sys/stat.h>
| #endif
| #ifdef STDC_HEADERS
| # include <stdlib.h>
| # include <stddef.h>
| #else
| # ifdef HAVE_STDLIB_H
| #  include <stdlib.h>
| # endif
| #endif
| #ifdef HAVE_STRING_H
| # if !defined STDC_HEADERS && defined HAVE_MEMORY_H
| #  include <memory.h>
| # endif
| # include <string.h>
| #endif
| #ifdef HAVE_STRINGS_H
| # include <strings.h>
| #endif
| #ifdef HAVE_INTTYPES_H
| # include <inttypes.h>
| #endif
| #ifdef HAVE_STDINT_H
| # include <stdint.h>
| #endif
| #ifdef HAVE_UNISTD_H
| # include <unistd.h>
| #endif
| int
| main ()
| {
| if (sizeof ((off_t)))
| 	    return 0;
|   ;
|   return 0;
| }
configure:16526: result: yes
configure:16537: checking for size_t
configure:16537: gcc -c -g -O2  conftest.c >&5
configure:16537: $? = 0
configure:16537: gcc -c -g -O2  conftest.c >&5
conftest.c:62:21: error: expected expression
if (sizeof ((size_t)))
                    ^
1 error generated.
configure:16537: $? = 1
configure: failed program was:
| /* confdefs.h */
| #define PACKAGE_NAME "readosm"
| #define PACKAGE_TARNAME "readosm"
| #define PACKAGE_VERSION "1.0.0e"
| #define PACKAGE_STRING "readosm 1.0.0e"
| #define PACKAGE_BUGREPORT "a.furieri@lqt.it"
| #define PACKAGE_URL ""
| #define PACKAGE "readosm"
| #define VERSION "1.0.0e"
| #define STDC_HEADERS 1
| #define HAVE_SYS_TYPES_H 1
| #define HAVE_SYS_STAT_H 1
| #define HAVE_STDLIB_H 1
| #define HAVE_STRING_H 1
| #define HAVE_MEMORY_H 1
| #define HAVE_STRINGS_H 1
| #define HAVE_INTTYPES_H 1
| #define HAVE_STDINT_H 1
| #define HAVE_UNISTD_H 1
| #define HAVE_STDLIB_H 1
| #define HAVE_STDIO_H 1
| #define HAVE_MEMORY_H 1
| #define HAVE_DLFCN_H 1
| #define LT_OBJDIR ".libs/"
| /* end confdefs.h.  */
| #include <stdio.h>
| #ifdef HAVE_SYS_TYPES_H
| # include <sys/types.h>
| #endif
| #ifdef HAVE_SYS_STAT_H
| # include <sys/stat.h>
| #endif
| #ifdef STDC_HEADERS
| # include <stdlib.h>
| # include <stddef.h>
| #else
| # ifdef HAVE_STDLIB_H
| #  include <stdlib.h>
| # endif
| #endif
| #ifdef HAVE_STRING_H
| # if !defined STDC_HEADERS && defined HAVE_MEMORY_H
| #  include <memory.h>
| # endif
| # include <string.h>
| #endif
| #ifdef HAVE_STRINGS_H
| # include <strings.h>
| #endif
| #ifdef HAVE_INTTYPES_H
| # include <inttypes.h>
| #endif
| #ifdef HAVE_STDINT_H
| # include <stdint.h>
| #endif
| #ifdef HAVE_UNISTD_H
| # include <unistd.h>
| #endif
| int
| main ()
| {
| if (sizeof ((size_t)))
| 	    return 0;
|   ;
|   return 0;
| }
configure:16537: result: yes
configure:16548: checking whether time.h and sys/time.h may both be included
configure:16568: gcc -c -g -O2  conftest.c >&5
configure:16568: $? = 0
configure:16575: result: yes
configure:16583: checking whether struct tm is in sys/time.h or time.h
configure:16603: gcc -c -g -O2  conftest.c >&5
configure:16603: $? = 0
configure:16610: result: time.h
configure:16618: checking for working volatile
configure:16637: gcc -c -g -O2  conftest.c >&5
configure:16637: $? = 0
configure:16644: result: yes
configure:16654: checking whether lstat correctly handles trailing slash
configure:16680: gcc -o conftest -g -O2   conftest.c  >&5
configure:16680: $? = 0
configure:16680: ./conftest
configure:16680: $? = 1
configure: program exited with status 1
configure: failed program was:
| /* confdefs.h */
| #define PACKAGE_NAME "readosm"
| #define PACKAGE_TARNAME "readosm"
| #define PACKAGE_VERSION "1.0.0e"
| #define PACKAGE_STRING "readosm 1.0.0e"
| #define PACKAGE_BUGREPORT "a.furieri@lqt.it"
| #define PACKAGE_URL ""
| #define PACKAGE "readosm"
| #define VERSION "1.0.0e"
| #define STDC_HEADERS 1
| #define HAVE_SYS_TYPES_H 1
| #define HAVE_SYS_STAT_H 1
| #define HAVE_STDLIB_H 1
| #define HAVE_STRING_H 1
| #define HAVE_MEMORY_H 1
| #define HAVE_STRINGS_H 1
| #define HAVE_INTTYPES_H 1
| #define HAVE_STDINT_H 1
| #define HAVE_UNISTD_H 1
| #define HAVE_STDLIB_H 1
| #define HAVE_STDIO_H 1
| #define HAVE_MEMORY_H 1
| #define HAVE_DLFCN_H 1
| #define LT_OBJDIR ".libs/"
| #define TIME_WITH_SYS_TIME 1
| /* end confdefs.h.  */
| #include <stdio.h>
| #ifdef HAVE_SYS_TYPES_H
| # include <sys/types.h>
| #endif
| #ifdef HAVE_SYS_STAT_H
| # include <sys/stat.h>
| #endif
| #ifdef STDC_HEADERS
| # include <stdlib.h>
| # include <stddef.h>
| #else
| # ifdef HAVE_STDLIB_H
| #  include <stdlib.h>
| # endif
| #endif
| #ifdef HAVE_STRING_H
| # if !defined STDC_HEADERS && defined HAVE_MEMORY_H
| #  include <memory.h>
| # endif
| # include <string.h>
| #endif
| #ifdef HAVE_STRINGS_H
| # include <strings.h>
| #endif
| #ifdef HAVE_INTTYPES_H
| # include <inttypes.h>
| #endif
| #ifdef HAVE_STDINT_H
| # include <stdint.h>
| #endif
| #ifdef HAVE_UNISTD_H
| # include <unistd.h>
| #endif
| int
| main ()
| {
| struct stat sbuf;
|      /* Linux will dereference the symlink and fail, as required by POSIX.
| 	That is better in the sense that it means we will not
| 	have to compile and use the lstat wrapper.  */
|      return lstat ("conftest.sym/", &sbuf) == 0;
|   ;
|   return 0;
| }
configure:16697: result: no
configure:16716: checking whether lstat accepts an empty string
configure:16736: gcc -o conftest -g -O2   conftest.c  >&5
configure:16736: $? = 0
configure:16736: ./conftest
configure:16736: $? = 0
configure:16746: result: no
configure:16762: checking whether lstat correctly handles trailing slash
configure:16805: result: no
configure:16824: checking for working memcmp
configure:16867: gcc -o conftest -g -O2   conftest.c  >&5
configure:16867: $? = 0
configure:16867: ./conftest
configure:16867: $? = 0
configure:16877: result: yes
configure:16886: checking whether stat accepts an empty string
configure:16906: gcc -o conftest -g -O2   conftest.c  >&5
configure:16906: $? = 0
configure:16906: ./conftest
configure:16906: $? = 0
configure:16916: result: no
configure:16934: checking for strftime
configure:16934: gcc -o conftest -g -O2   conftest.c  >&5
configure:16934: $? = 0
configure:16934: result: yes
configure:16990: checking for sqrt
configure:16990: gcc -o conftest -g -O2   conftest.c  >&5
conftest.c:51:6: warning: incompatible redeclaration of library function 'sqrt' [-Wincompatible-library-redeclaration]
char sqrt ();
     ^
conftest.c:51:6: note: 'sqrt' is a builtin with type 'double (double)'
1 warning generated.
configure:16990: $? = 0
configure:16990: result: yes
configure:16990: checking for strcasecmp
configure:16990: gcc -o conftest -g -O2   conftest.c  >&5
conftest.c:52:6: warning: incompatible redeclaration of library function 'strcasecmp' [-Wincompatible-library-redeclaration]
char strcasecmp ();
     ^
conftest.c:52:6: note: 'strcasecmp' is a builtin with type 'int (const char *, const char *)'
1 warning generated.
configure:16990: $? = 0
configure:16990: result: yes
configure:16990: checking for strerror
configure:16990: gcc -o conftest -g -O2   conftest.c  >&5
conftest.c:53:6: warning: incompatible redeclaration of library function 'strerror' [-Wincompatible-library-redeclaration]
char strerror ();
     ^
conftest.c:53:6: note: 'strerror' is a builtin with type 'char *(int)'
1 warning generated.
configure:16990: $? = 0
configure:16990: result: yes
configure:16990: checking for strncasecmp
configure:16990: gcc -o conftest -g -O2   conftest.c  >&5
conftest.c:54:6: warning: incompatible redeclaration of library function 'strncasecmp' [-Wincompatible-library-redeclaration]
char strncasecmp ();
     ^
conftest.c:54:6: note: 'strncasecmp' is a builtin with type 'int (const char *, const char *, unsigned long)'
1 warning generated.
configure:16990: $? = 0
configure:16990: result: yes
configure:16990: checking for strstr
configure:16990: gcc -o conftest -g -O2   conftest.c  >&5
conftest.c:55:6: warning: incompatible redeclaration of library function 'strstr' [-Wincompatible-library-redeclaration]
char strstr ();
     ^
conftest.c:55:6: note: 'strstr' is a builtin with type 'char *(const char *, const char *)'
1 warning generated.
configure:16990: $? = 0
configure:16990: result: yes
configure:16990: checking for strerror
configure:16990: result: yes
configure:17017: checking expat.h usability
configure:17017: gcc -c -g -O2  conftest.c >&5
configure:17017: $? = 0
configure:17017: result: yes
configure:17017: checking expat.h presence
configure:17017: gcc -E  conftest.c
configure:17017: $? = 0
configure:17017: result: yes
configure:17017: checking for expat.h
configure:17017: result: yes
configure:17029: checking for XML_ParserCreate in -lexpat
configure:17054: gcc -o conftest -g -O2   conftest.c -lexpat   >&5
configure:17054: $? = 0
configure:17063: result: yes
configure:17078: checking zlib.h usability
configure:17078: gcc -c -g -O2  conftest.c >&5
configure:17078: $? = 0
configure:17078: result: yes
configure:17078: checking zlib.h presence
configure:17078: gcc -E  conftest.c
configure:17078: $? = 0
configure:17078: result: yes
configure:17078: checking for zlib.h
configure:17078: result: yes
configure:17090: checking for uncompress in -lz
configure:17115: gcc -o conftest -g -O2   conftest.c -lz  -lexpat  >&5
configure:17115: $? = 0
configure:17124: result: yes
configure:17246: checking that generated files are newer than configure
configure:17252: result: done
configure:17287: creating ./config.status

## ---------------------- ##
## Running config.status. ##
## ---------------------- ##

This file was extended by readosm config.status 1.0.0e, which was
generated by GNU Autoconf 2.69.  Invocation command line was

  CONFIG_FILES    = 
  CONFIG_HEADERS  = 
  CONFIG_LINKS    = 
  CONFIG_COMMANDS = 
  $ ./config.status 

on MU00104763X

config.status:1167: creating Makefile
config.status:1167: creating headers/Makefile
config.status:1167: creating src/Makefile
config.status:1167: creating tests/Makefile
config.status:1167: creating examples/Makefile
config.status:1167: creating Doxyfile
config.status:1167: creating readosm.pc
config.status:1167: creating config.h
config.status:1396: executing depfiles commands
config.status:1396: executing libtool commands

## ---------------- ##
## Cache variables. ##
## ---------------- ##

ac_cv_build=x86_64-apple-darwin17.4.0
ac_cv_c_compiler_gnu=yes
ac_cv_c_const=yes
ac_cv_c_volatile=yes
ac_cv_cxx_compiler_gnu=yes
ac_cv_env_CCC_set=
ac_cv_env_CCC_value=
ac_cv_env_CC_set=
ac_cv_env_CC_value=
ac_cv_env_CFLAGS_set=
ac_cv_env_CFLAGS_value=
ac_cv_env_CPPFLAGS_set=
ac_cv_env_CPPFLAGS_value=
ac_cv_env_CPP_set=
ac_cv_env_CPP_value=
ac_cv_env_CXXCPP_set=
ac_cv_env_CXXCPP_value=
ac_cv_env_CXXFLAGS_set=
ac_cv_env_CXXFLAGS_value=
ac_cv_env_CXX_set=
ac_cv_env_CXX_value=
ac_cv_env_LDFLAGS_set=
ac_cv_env_LDFLAGS_value=
ac_cv_env_LIBS_set=
ac_cv_env_LIBS_value=
ac_cv_env_build_alias_set=
ac_cv_env_build_alias_value=
ac_cv_env_host_alias_set=
ac_cv_env_host_alias_value=
ac_cv_env_target_alias_set=
ac_cv_env_target_alias_value=
ac_cv_func_lstat_dereferences_slashed_symlink=no
ac_cv_func_lstat_empty_string_bug=no
ac_cv_func_memcmp_working=yes
ac_cv_func_sqrt=yes
ac_cv_func_stat_empty_string_bug=no
ac_cv_func_strcasecmp=yes
ac_cv_func_strerror=yes
ac_cv_func_strftime=yes
ac_cv_func_strncasecmp=yes
ac_cv_func_strstr=yes
ac_cv_header_dlfcn_h=yes
ac_cv_header_expat_h=yes
ac_cv_header_inttypes_h=yes
ac_cv_header_memory_h=yes
ac_cv_header_stdc=yes
ac_cv_header_stdint_h=yes
ac_cv_header_stdio_h=yes
ac_cv_header_stdlib_h=yes
ac_cv_header_string_h=yes
ac_cv_header_strings_h=yes
ac_cv_header_sys_stat_h=yes
ac_cv_header_sys_types_h=yes
ac_cv_header_time=yes
ac_cv_header_unistd_h=yes
ac_cv_header_zlib_h=yes
ac_cv_host=x86_64-apple-darwin17.4.0
ac_cv_lib_expat_XML_ParserCreate=yes
ac_cv_lib_z_uncompress=yes
ac_cv_objext=o
ac_cv_path_EGREP='/usr/bin/grep -E'
ac_cv_path_FGREP='/usr/bin/grep -F'
ac_cv_path_GREP=/usr/bin/grep
ac_cv_path_SED=/usr/bin/sed
ac_cv_path_install='/usr/bin/install -c'
ac_cv_prog_AWK=awk
ac_cv_prog_CPP='gcc -E'
ac_cv_prog_CXXCPP='g++ -E'
ac_cv_prog_ac_ct_AR=ar
ac_cv_prog_ac_ct_CC=gcc
ac_cv_prog_ac_ct_CXX=g++
ac_cv_prog_ac_ct_DLLTOOL=dlltool
ac_cv_prog_ac_ct_DSYMUTIL=dsymutil
ac_cv_prog_ac_ct_LIPO=lipo
ac_cv_prog_ac_ct_NMEDIT=nmedit
ac_cv_prog_ac_ct_OBJDUMP=objdump
ac_cv_prog_ac_ct_OTOOL=otool
ac_cv_prog_ac_ct_RANLIB=ranlib
ac_cv_prog_ac_ct_STRIP=strip
ac_cv_prog_cc_c89=
ac_cv_prog_cc_g=yes
ac_cv_prog_cxx_g=yes
ac_cv_prog_make_make_set=yes
ac_cv_struct_tm=time.h
ac_cv_type_off_t=yes
ac_cv_type_size_t=yes
am_cv_CC_dependencies_compiler_type=gcc3
am_cv_CXX_dependencies_compiler_type=gcc3
am_cv_make_support_nested_variables=yes
am_cv_prog_cc_c_o=yes
lt_cv_apple_cc_single_mod=yes
lt_cv_ar_at_file=no
lt_cv_deplibs_check_method=pass_all
lt_cv_file_magic_cmd='$MAGIC_CMD'
lt_cv_file_magic_test_file=
lt_cv_ld_exported_symbols_list=yes
lt_cv_ld_force_load=no
lt_cv_ld_reload_flag=-r
lt_cv_nm_interface='BSD nm'
lt_cv_objdir=.libs
lt_cv_path_LD=/Applications/Xcode.app/Contents/Developer/Toolchains/XcodeDefault.xctoolchain/usr/bin/ld
lt_cv_path_LDCXX=/Applications/Xcode.app/Contents/Developer/Toolchains/XcodeDefault.xctoolchain/usr/bin/ld
lt_cv_path_NM='/usr/bin/nm -B'
lt_cv_path_mainfest_tool=no
lt_cv_prog_compiler_c_o=yes
lt_cv_prog_compiler_c_o_CXX=yes
lt_cv_prog_compiler_pic='-fno-common -DPIC'
lt_cv_prog_compiler_pic_CXX='-fno-common -DPIC'
lt_cv_prog_compiler_pic_works=yes
lt_cv_prog_compiler_pic_works_CXX=yes
lt_cv_prog_compiler_rtti_exceptions=yes
lt_cv_prog_compiler_static_works=no
lt_cv_prog_compiler_static_works_CXX=no
lt_cv_prog_gnu_ld=no
lt_cv_prog_gnu_ldcxx=no
lt_cv_sharedlib_from_linklib_cmd='printf %s\n'
lt_cv_sys_global_symbol_pipe='sed -n -e '\''s/^.*[	 ]\([BCDEGRST][BCDEGRST]*\)[	 ][	 ]*_\([_A-Za-z][_A-Za-z0-9]*\)$/\1 _\2 \2/p'\'' | sed '\''/ __gnu_lto/d'\'''
lt_cv_sys_global_symbol_to_c_name_address='sed -n -e '\''s/^: \([^ ]*\)[ ]*$/  {\"\1\", (void *) 0},/p'\'' -e '\''s/^[BCDEGRST]* \([^ ]*\) \([^ ]*\)$/  {"\2", (void *) \&\2},/p'\'''
lt_cv_sys_global_symbol_to_c_name_address_lib_prefix='sed -n -e '\''s/^: \([^ ]*\)[ ]*$/  {\"\1\", (void *) 0},/p'\'' -e '\''s/^[BCDEGRST]* \([^ ]*\) \(lib[^ ]*\)$/  {"\2", (void *) \&\2},/p'\'' -e '\''s/^[BCDEGRST]* \([^ ]*\) \([^ ]*\)$/  {"lib\2", (void *) \&\2},/p'\'''
lt_cv_sys_global_symbol_to_cdecl='sed -n -e '\''s/^T .* \(.*\)$/extern int \1();/p'\'' -e '\''s/^[BCDEGRST]* .* \(.*\)$/extern char \1;/p'\'''
lt_cv_sys_max_cmd_len=196608
lt_cv_to_host_file_cmd=func_convert_file_noop
lt_cv_to_tool_file_cmd=func_convert_file_noop

## ----------------- ##
## Output variables. ##
## ----------------- ##

ACLOCAL='aclocal-1.15'
AMDEPBACKSLASH='\'
AMDEP_FALSE='#'
AMDEP_TRUE=''
AMTAR='$${TAR-tar}'
AM_BACKSLASH='\'
AM_DEFAULT_V='$(AM_DEFAULT_VERBOSITY)'
AM_DEFAULT_VERBOSITY='1'
AM_V='$(V)'
AR='ar'
AS='as'
AUTOCONF='autoconf'
AUTOHEADER='autoheader'
AUTOMAKE='automake-1.15'
AWK='awk'
CC='gcc'
CCDEPMODE='depmode=gcc3'
CFLAGS='-g -O2'
CPP='gcc -E'
CPPFLAGS=''
CXX='g++'
CXXCPP='g++ -E'
CXXDEPMODE='depmode=gcc3'
CXXFLAGS='-g -O2'
CYGPATH_W='echo'
DEFS='-DHAVE_CONFIG_H'
DEPDIR='.deps'
DLLTOOL='dlltool'
DSYMUTIL='dsymutil'
DUMPBIN=''
ECHO_C='\c'
ECHO_N=''
ECHO_T=''
EGREP='/usr/bin/grep -E'
EXEEXT=''
FGREP='/usr/bin/grep -F'
GREP='/usr/bin/grep'
INSTALL_DATA='${INSTALL} -m 644'
INSTALL_PROGRAM='${INSTALL}'
INSTALL_SCRIPT='${INSTALL}'
INSTALL_STRIP_PROGRAM='$(install_sh) -c -s'
LD='/Applications/Xcode.app/Contents/Developer/Toolchains/XcodeDefault.xctoolchain/usr/bin/ld'
LDFLAGS=''
LIBOBJS=' ${LIBOBJDIR}lstat$U.o'
LIBS='-lz -lexpat '
LIBTOOL='$(SHELL) $(top_builddir)/libtool'
LIPO='lipo'
LN_S='ln -s'
LTLIBOBJS=' ${LIBOBJDIR}lstat$U.lo'
MAINT='#'
MAINTAINER_MODE_FALSE=''
MAINTAINER_MODE_TRUE='#'
MAKEINFO='makeinfo'
MANIFEST_TOOL=':'
MKDIR_P='./install-sh -c -d'
NM='/usr/bin/nm -B'
NMEDIT='nmedit'
OBJDUMP='objdump'
OBJEXT='o'
OTOOL64=':'
OTOOL='otool'
PACKAGE='readosm'
PACKAGE_BUGREPORT='a.furieri@lqt.it'
PACKAGE_NAME='readosm'
PACKAGE_STRING='readosm 1.0.0e'
PACKAGE_TARNAME='readosm'
PACKAGE_URL=''
PACKAGE_VERSION='1.0.0e'
PATH_SEPARATOR=':'
RANLIB='ranlib'
SED='/usr/bin/sed'
SET_MAKE=''
SHELL='/bin/sh'
STRIP='strip'
VERSION='1.0.0e'
ac_ct_AR='ar'
ac_ct_CC='gcc'
ac_ct_CXX='g++'
ac_ct_DUMPBIN=''
am__EXEEXT_FALSE=''
am__EXEEXT_TRUE='#'
am__fastdepCC_FALSE='#'
am__fastdepCC_TRUE=''
am__fastdepCXX_FALSE='#'
am__fastdepCXX_TRUE=''
am__include='include'
am__isrc=''
am__leading_dot='.'
am__nodep='_no'
am__quote=''
am__tar='$${TAR-tar} chof - "$$tardir"'
am__untar='$${TAR-tar} xf -'
bindir='${exec_prefix}/bin'
build='x86_64-apple-darwin17.4.0'
build_alias=''
build_cpu='x86_64'
build_os='darwin17.4.0'
build_vendor='apple'
datadir='${datarootdir}'
datarootdir='${prefix}/share'
docdir='${datarootdir}/doc/${PACKAGE_TARNAME}'
dvidir='${docdir}'
exec_prefix='${prefix}'
host='x86_64-apple-darwin17.4.0'
host_alias=''
host_cpu='x86_64'
host_os='darwin17.4.0'
host_vendor='apple'
htmldir='${docdir}'
includedir='${prefix}/include'
infodir='${datarootdir}/info'
install_sh='${SHELL} /Users/rhad0003/Downloads/readosm-1.0.0e/install-sh'
libdir='${exec_prefix}/lib'
libexecdir='${exec_prefix}/libexec'
localedir='${datarootdir}/locale'
localstatedir='${prefix}/var'
mandir='${datarootdir}/man'
mkdir_p='$(MKDIR_P)'
oldincludedir='/usr/include'
pdfdir='${docdir}'
prefix='/usr/local'
program_transform_name='s,x,x,'
psdir='${docdir}'
sbindir='${exec_prefix}/sbin'
sharedstatedir='${prefix}/com'
sysconfdir='${prefix}/etc'
target_alias=''

## ----------- ##
## confdefs.h. ##
## ----------- ##

/* confdefs.h */
#define PACKAGE_NAME "readosm"
#define PACKAGE_TARNAME "readosm"
#define PACKAGE_VERSION "1.0.0e"
#define PACKAGE_STRING "readosm 1.0.0e"
#define PACKAGE_BUGREPORT "a.furieri@lqt.it"
#define PACKAGE_URL ""
#define PACKAGE "readosm"
#define VERSION "1.0.0e"
#define STDC_HEADERS 1
#define HAVE_SYS_TYPES_H 1
#define HAVE_SYS_STAT_H 1
#define HAVE_STDLIB_H 1
#define HAVE_STRING_H 1
#define HAVE_MEMORY_H 1
#define HAVE_STRINGS_H 1
#define HAVE_INTTYPES_H 1
#define HAVE_STDINT_H 1
#define HAVE_UNISTD_H 1
#define HAVE_STDLIB_H 1
#define HAVE_STDIO_H 1
#define HAVE_MEMORY_H 1
#define HAVE_DLFCN_H 1
#define LT_OBJDIR ".libs/"
#define TIME_WITH_SYS_TIME 1
#define HAVE_STRFTIME 1
#define HAVE_SQRT 1
#define HAVE_STRCASECMP 1
#define HAVE_STRERROR 1
#define HAVE_STRNCASECMP 1
#define HAVE_STRSTR 1
#define HAVE_STRERROR 1
#define HAVE_EXPAT_H 1
#define HAVE_LIBEXPAT 1
#define HAVE_ZLIB_H 1
#define HAVE_LIBZ 1

configure: exit 0
